# JRE version: Java(TM) SE Runtime Environment (17.0.12+8) (build 17.0.12+8-LTS-286)
# Java VM: Java HotSpot(TM) 64-Bit Server VM (17.0.12+8-LTS-286, mixed mode, sharing, tiered, compressed oops, compressed class ptrs, g1 gc, windows-amd64)
GC Precious Log:
 CPUs: 12 total, 12 available
 Memory: 16189M
 Large Page Support: Disabled
 NUMA Support: Disabled
 Compressed Oops: Enabled (Zero based)
 Heap Region Size: 2M
 Heap Min Capacity: 8M
 Heap Initial Capacity: 254M
 Heap Max Capacity: 4048M
 Pre-touch: Disabled
 Parallel Workers: 10
 Concurrent Workers: 3
 Concurrent Refinement Workers: 10
 Periodic GC: Disabled
Heap:
 garbage-first heap   total 61440K, used 34439K [0x0000000703000000, 0x0000000800000000)
  region size 2048K, 7 young (14336K), 2 survivors (4096K)
 Metaspace       used 58267K, committed 58816K, reserved 1114112K
  class space    used 8024K, committed 8256K, reserved 1048576K
GC Heap History (20 events):
Event: 2.149 GC heap before
{Heap before GC invocations=1 (full 0):
 garbage-first heap   total 260096K, used 31786K [0x0000000703000000, 0x0000000800000000)
  region size 2048K, 15 young (30720K), 2 survivors (4096K)
 Metaspace       used 12115K, committed 12416K, reserved 1114112K
  class space    used 1499K, committed 1664K, reserved 1048576K
}
Event: 2.156 GC heap after
{Heap after GC invocations=2 (full 0):
 garbage-first heap   total 260096K, used 10294K [0x0000000703000000, 0x0000000800000000)
  region size 2048K, 2 young (4096K), 2 survivors (4096K)
 Metaspace       used 12115K, committed 12416K, reserved 1114112K
  class space    used 1499K, committed 1664K, reserved 1048576K
}
Event: 4.992 GC heap before
{Heap before GC invocations=2 (full 0):
 garbage-first heap   total 260096K, used 65590K [0x0000000703000000, 0x0000000800000000)
  region size 2048K, 30 young (61440K), 2 survivors (4096K)
 Metaspace       used 21183K, committed 21504K, reserved 1114112K
  class space    used 2650K, committed 2816K, reserved 1048576K
}
Event: 5.014 GC heap after
{Heap after GC invocations=3 (full 0):
 garbage-first heap   total 260096K, used 14824K [0x0000000703000000, 0x0000000800000000)
  region size 2048K, 4 young (8192K), 4 survivors (8192K)
 Metaspace       used 21183K, committed 21504K, reserved 1114112K
  class space    used 2650K, committed 2816K, reserved 1048576K
}
Event: 6.357 GC heap before
{Heap before GC invocations=4 (full 0):
 garbage-first heap   total 61440K, used 43496K [0x0000000703000000, 0x0000000800000000)
  region size 2048K, 18 young (36864K), 4 survivors (8192K)
 Metaspace       used 25999K, committed 26368K, reserved 1114112K
  class space    used 3364K, committed 3520K, reserved 1048576K
}
Event: 6.372 GC heap after
{Heap after GC invocations=5 (full 0):
 garbage-first heap   total 61440K, used 17644K [0x0000000703000000, 0x0000000800000000)
  region size 2048K, 2 young (4096K), 2 survivors (4096K)
 Metaspace       used 25999K, committed 26368K, reserved 1114112K
  class space    used 3364K, committed 3520K, reserved 1048576K
}
Event: 7.485 GC heap before
{Heap before GC invocations=5 (full 0):
 garbage-first heap   total 61440K, used 38124K [0x0000000703000000, 0x0000000800000000)
  region size 2048K, 12 young (24576K), 2 survivors (4096K)
 Metaspace       used 30230K, committed 30656K, reserved 1114112K
  class space    used 3913K, committed 4096K, reserved 1048576K
}
Event: 7.490 GC heap after
{Heap after GC invocations=6 (full 0):
 garbage-first heap   total 61440K, used 19755K [0x0000000703000000, 0x0000000800000000)
  region size 2048K, 2 young (4096K), 2 survivors (4096K)
 Metaspace       used 30230K, committed 30656K, reserved 1114112K
  class space    used 3913K, committed 4096K, reserved 1048576K
}
Event: 8.555 GC heap before
{Heap before GC invocations=6 (full 0):
 garbage-first heap   total 61440K, used 40235K [0x0000000703000000, 0x0000000800000000)
  region size 2048K, 12 young (24576K), 2 survivors (4096K)
 Metaspace       used 35324K, committed 35776K, reserved 1114112K
  class space    used 4659K, committed 4864K, reserved 1048576K
}
Event: 8.559 GC heap after
{Heap after GC invocations=7 (full 0):
 garbage-first heap   total 61440K, used 20556K [0x0000000703000000, 0x0000000800000000)
  region size 2048K, 2 young (4096K), 2 survivors (4096K)
 Metaspace       used 35324K, committed 35776K, reserved 1114112K
  class space    used 4659K, committed 4864K, reserved 1048576K
}
Event: 8.605 GC heap before
{Heap before GC invocations=7 (full 0):
 garbage-first heap   total 61440K, used 20556K [0x0000000703000000, 0x0000000800000000)
  region size 2048K, 3 young (6144K), 2 survivors (4096K)
 Metaspace       used 35540K, committed 35968K, reserved 1114112K
  class space    used 4704K, committed 4864K, reserved 1048576K
}
Event: 8.609 GC heap after
{Heap after GC invocations=8 (full 0):
 garbage-first heap   total 61440K, used 20597K [0x0000000703000000, 0x0000000800000000)
  region size 2048K, 1 young (2048K), 1 survivors (2048K)
 Metaspace       used 35540K, committed 35968K, reserved 1114112K
  class space    used 4704K, committed 4864K, reserved 1048576K
}
Event: 10.418 GC heap before
{Heap before GC invocations=9 (full 0):
 garbage-first heap   total 61440K, used 45173K [0x0000000703000000, 0x0000000800000000)
  region size 2048K, 13 young (26624K), 1 survivors (2048K)
 Metaspace       used 42169K, committed 42688K, reserved 1114112K
  class space    used 5650K, committed 5888K, reserved 1048576K
}
Event: 10.422 GC heap after
{Heap after GC invocations=10 (full 0):
 garbage-first heap   total 61440K, used 22171K [0x0000000703000000, 0x0000000800000000)
  region size 2048K, 2 young (4096K), 2 survivors (4096K)
 Metaspace       used 42169K, committed 42688K, reserved 1114112K
  class space    used 5650K, committed 5888K, reserved 1048576K
}
Event: 11.458 GC heap before
{Heap before GC invocations=10 (full 0):
 garbage-first heap   total 61440K, used 44699K [0x0000000703000000, 0x0000000800000000)
  region size 2048K, 13 young (26624K), 2 survivors (4096K)
 Metaspace       used 47679K, committed 48192K, reserved 1114112K
  class space    used 6468K, committed 6720K, reserved 1048576K
}
Event: 11.465 GC heap after
{Heap after GC invocations=11 (full 0):
 garbage-first heap   total 61440K, used 23693K [0x0000000703000000, 0x0000000800000000)
  region size 2048K, 2 young (4096K), 2 survivors (4096K)
 Metaspace       used 47679K, committed 48192K, reserved 1114112K
  class space    used 6468K, committed 6720K, reserved 1048576K
}
Event: 12.439 GC heap before
{Heap before GC invocations=11 (full 0):
 garbage-first heap   total 61440K, used 46221K [0x0000000703000000, 0x0000000800000000)
  region size 2048K, 13 young (26624K), 2 survivors (4096K)
 Metaspace       used 52104K, committed 52608K, reserved 1114112K
  class space    used 7118K, committed 7360K, reserved 1048576K
}
Event: 12.443 GC heap after
{Heap after GC invocations=12 (full 0):
 garbage-first heap   total 61440K, used 24454K [0x0000000703000000, 0x0000000800000000)
  region size 2048K, 2 young (4096K), 2 survivors (4096K)
 Metaspace       used 52104K, committed 52608K, reserved 1114112K
  class space    used 7118K, committed 7360K, reserved 1048576K
}
Event: 13.793 GC heap before
{Heap before GC invocations=12 (full 0):
 garbage-first heap   total 61440K, used 44934K [0x0000000703000000, 0x0000000800000000)
  region size 2048K, 13 young (26624K), 2 survivors (4096K)
 Metaspace       used 57242K, committed 57728K, reserved 1114112K
  class space    used 7853K, committed 8064K, reserved 1048576K
}
Event: 13.799 GC heap after
{Heap after GC invocations=13 (full 0):
 garbage-first heap   total 61440K, used 26247K [0x0000000703000000, 0x0000000800000000)
  region size 2048K, 2 young (4096K), 2 survivors (4096K)
 Metaspace       used 57242K, committed 57728K, reserved 1114112K
  class space    used 7853K, committed 8064K, reserved 1048576K
}

