# JRE version: OpenJDK Runtime Environment Temurin-21.0.9+10 (21.0.9+10) (build 21.0.9+10-LTS)
# Java VM: OpenJDK 64-Bit Server VM Temurin-21.0.9+10 (21.0.9+10-LTS, mixed mode, sharing, tiered, compressed oops, compressed class ptrs, parallel gc, windows-amd64)
GC Precious Log:
 CardTable entry size: 512
 CPUs: 12 total, 12 available
 Memory: 16189M
 Large Page Support: Disabled
 NUMA Support: Disabled
 Compressed Oops: Enabled (32-bit)
 Alignments: Space 512K, Generation 512K, Heap 2M
 Heap Min Capacity: 100M
 Heap Initial Capacity: 100M
 Heap Max Capacity: 2G
 Pre-touch: Disabled
 Parallel Workers: 10
Heap:
 PSYoungGen      total 22528K, used 12272K [0x00000000d5580000, 0x00000000d7080000, 0x0000000100000000)
  eden space 21504K, 52% used [0x00000000d5580000,0x00000000d607ec48,0x00000000d6a80000)
  from space 1024K, 98% used [0x00000000d6d80000,0x00000000d6e7d560,0x00000000d6e80000)
  to   space 2048K, 0% used [0x00000000d6e80000,0x00000000d6e80000,0x00000000d7080000)
 ParOldGen       total 68608K, used 42104K [0x0000000080000000, 0x0000000084300000, 0x00000000d5580000)
  object space 68608K, 61% used [0x0000000080000000,0x000000008291e1d0,0x0000000084300000)
 Metaspace       used 57378K, committed 58688K, reserved 1114112K
  class space    used 6235K, committed 6784K, reserved 1048576K
GC Heap History (20 events):
Event: 15.210 GC heap before
{Heap before GC invocations=24 (full 2):
 PSYoungGen      total 24064K, used 24017K [0x00000000d5580000, 0x00000000d7080000, 0x0000000100000000)
  eden space 21504K, 100% used [0x00000000d5580000,0x00000000d6a80000,0x00000000d6a80000)
  from space 2560K, 98% used [0x00000000d6a80000,0x00000000d6cf4420,0x00000000d6d00000)
  to   space 3072K, 0% used [0x00000000d6d80000,0x00000000d6d80000,0x00000000d7080000)
 ParOldGen       total 68608K, used 25162K [0x0000000080000000, 0x0000000084300000, 0x00000000d5580000)
  object space 68608K, 36% used [0x0000000080000000,0x0000000081892ad8,0x0000000084300000)
 Metaspace       used 46770K, committed 47936K, reserved 1114112K
  class space    used 5159K, committed 5696K, reserved 1048576K
}
Event: 15.213 GC heap after
{Heap after GC invocations=24 (full 2):
 PSYoungGen      total 24576K, used 2658K [0x00000000d5580000, 0x00000000d7080000, 0x0000000100000000)
  eden space 21504K, 0% used [0x00000000d5580000,0x00000000d5580000,0x00000000d6a80000)
  from space 3072K, 86% used [0x00000000d6d80000,0x00000000d7018810,0x00000000d7080000)
  to   space 3072K, 0% used [0x00000000d6a80000,0x00000000d6a80000,0x00000000d6d80000)
 ParOldGen       total 68608K, used 27437K [0x0000000080000000, 0x0000000084300000, 0x00000000d5580000)
  object space 68608K, 39% used [0x0000000080000000,0x0000000081acb7d0,0x0000000084300000)
 Metaspace       used 46770K, committed 47936K, reserved 1114112K
  class space    used 5159K, committed 5696K, reserved 1048576K
}
Event: 15.275 GC heap before
{Heap before GC invocations=25 (full 2):
 PSYoungGen      total 24576K, used 24162K [0x00000000d5580000, 0x00000000d7080000, 0x0000000100000000)
  eden space 21504K, 100% used [0x00000000d5580000,0x00000000d6a80000,0x00000000d6a80000)
  from space 3072K, 86% used [0x00000000d6d80000,0x00000000d7018810,0x00000000d7080000)
  to   space 3072K, 0% used [0x00000000d6a80000,0x00000000d6a80000,0x00000000d6d80000)
 ParOldGen       total 68608K, used 27437K [0x0000000080000000, 0x0000000084300000, 0x00000000d5580000)
  object space 68608K, 39% used [0x0000000080000000,0x0000000081acb7d0,0x0000000084300000)
 Metaspace       used 46814K, committed 48000K, reserved 1114112K
  class space    used 5159K, committed 5696K, reserved 1048576K
}
Event: 15.278 GC heap after
{Heap after GC invocations=25 (full 2):
 PSYoungGen      total 24064K, used 2308K [0x00000000d5580000, 0x00000000d6f80000, 0x0000000100000000)
  eden space 21504K, 0% used [0x00000000d5580000,0x00000000d5580000,0x00000000d6a80000)
  from space 2560K, 90% used [0x00000000d6a80000,0x00000000d6cc1000,0x00000000d6d00000)
  to   space 2560K, 0% used [0x00000000d6d00000,0x00000000d6d00000,0x00000000d6f80000)
 ParOldGen       total 68608K, used 29916K [0x0000000080000000, 0x0000000084300000, 0x00000000d5580000)
  object space 68608K, 43% used [0x0000000080000000,0x0000000081d37190,0x0000000084300000)
 Metaspace       used 46814K, committed 48000K, reserved 1114112K
  class space    used 5159K, committed 5696K, reserved 1048576K
}
Event: 15.349 GC heap before
{Heap before GC invocations=26 (full 2):
 PSYoungGen      total 24064K, used 23812K [0x00000000d5580000, 0x00000000d6f80000, 0x0000000100000000)
  eden space 21504K, 100% used [0x00000000d5580000,0x00000000d6a80000,0x00000000d6a80000)
  from space 2560K, 90% used [0x00000000d6a80000,0x00000000d6cc1000,0x00000000d6d00000)
  to   space 2560K, 0% used [0x00000000d6d00000,0x00000000d6d00000,0x00000000d6f80000)
 ParOldGen       total 68608K, used 29916K [0x0000000080000000, 0x0000000084300000, 0x00000000d5580000)
  object space 68608K, 43% used [0x0000000080000000,0x0000000081d37190,0x0000000084300000)
 Metaspace       used 46827K, committed 48064K, reserved 1114112K
  class space    used 5159K, committed 5696K, reserved 1048576K
}
Event: 15.352 GC heap after
{Heap after GC invocations=26 (full 2):
 PSYoungGen      total 24064K, used 2400K [0x00000000d5580000, 0x00000000d6f80000, 0x0000000100000000)
  eden space 21504K, 0% used [0x00000000d5580000,0x00000000d5580000,0x00000000d6a80000)
  from space 2560K, 93% used [0x00000000d6d00000,0x00000000d6f58010,0x00000000d6f80000)
  to   space 2560K, 0% used [0x00000000d6a80000,0x00000000d6a80000,0x00000000d6d00000)
 ParOldGen       total 68608K, used 32105K [0x0000000080000000, 0x0000000084300000, 0x00000000d5580000)
  object space 68608K, 46% used [0x0000000080000000,0x0000000081f5a7b8,0x0000000084300000)
 Metaspace       used 46827K, committed 48064K, reserved 1114112K
  class space    used 5159K, committed 5696K, reserved 1048576K
}
Event: 15.476 GC heap before
{Heap before GC invocations=27 (full 2):
 PSYoungGen      total 24064K, used 23536K [0x00000000d5580000, 0x00000000d6f80000, 0x0000000100000000)
  eden space 21504K, 98% used [0x00000000d5580000,0x00000000d6a242a8,0x00000000d6a80000)
  from space 2560K, 93% used [0x00000000d6d00000,0x00000000d6f58010,0x00000000d6f80000)
  to   space 2560K, 0% used [0x00000000d6a80000,0x00000000d6a80000,0x00000000d6d00000)
 ParOldGen       total 68608K, used 32105K [0x0000000080000000, 0x0000000084300000, 0x00000000d5580000)
  object space 68608K, 46% used [0x0000000080000000,0x0000000081f5a7b8,0x0000000084300000)
 Metaspace       used 47001K, committed 48192K, reserved 1114112K
  class space    used 5176K, committed 5696K, reserved 1048576K
}
Event: 15.480 GC heap after
{Heap after GC invocations=27 (full 2):
 PSYoungGen      total 24064K, used 2552K [0x00000000d5580000, 0x00000000d7580000, 0x0000000100000000)
  eden space 21504K, 0% used [0x00000000d5580000,0x00000000d5580000,0x00000000d6a80000)
  from space 2560K, 99% used [0x00000000d6a80000,0x00000000d6cfe200,0x00000000d6d00000)
  to   space 5632K, 0% used [0x00000000d7000000,0x00000000d7000000,0x00000000d7580000)
 ParOldGen       total 68608K, used 34433K [0x0000000080000000, 0x0000000084300000, 0x00000000d5580000)
  object space 68608K, 50% used [0x0000000080000000,0x00000000821a07c8,0x0000000084300000)
 Metaspace       used 47001K, committed 48192K, reserved 1114112K
  class space    used 5176K, committed 5696K, reserved 1048576K
}
Event: 16.089 GC heap before
{Heap before GC invocations=28 (full 2):
 PSYoungGen      total 24064K, used 24039K [0x00000000d5580000, 0x00000000d7580000, 0x0000000100000000)
  eden space 21504K, 99% used [0x00000000d5580000,0x00000000d6a7bd40,0x00000000d6a80000)
  from space 2560K, 99% used [0x00000000d6a80000,0x00000000d6cfe200,0x00000000d6d00000)
  to   space 5632K, 0% used [0x00000000d7000000,0x00000000d7000000,0x00000000d7580000)
 ParOldGen       total 68608K, used 34433K [0x0000000080000000, 0x0000000084300000, 0x00000000d5580000)
  object space 68608K, 50% used [0x0000000080000000,0x00000000821a07c8,0x0000000084300000)
 Metaspace       used 49439K, committed 50624K, reserved 1114112K
  class space    used 5472K, committed 6016K, reserved 1048576K
}
Event: 16.092 GC heap after
{Heap after GC invocations=28 (full 2):
 PSYoungGen      total 24064K, used 2405K [0x00000000d5580000, 0x00000000d7280000, 0x0000000100000000)
  eden space 21504K, 0% used [0x00000000d5580000,0x00000000d5580000,0x00000000d6a80000)
  from space 2560K, 93% used [0x00000000d7000000,0x00000000d7259720,0x00000000d7280000)
  to   space 3584K, 0% used [0x00000000d6b80000,0x00000000d6b80000,0x00000000d6f00000)
 ParOldGen       total 68608K, used 36935K [0x0000000080000000, 0x0000000084300000, 0x00000000d5580000)
  object space 68608K, 53% used [0x0000000080000000,0x0000000082411d20,0x0000000084300000)
 Metaspace       used 49439K, committed 50624K, reserved 1114112K
  class space    used 5472K, committed 6016K, reserved 1048576K
}
Event: 16.731 GC heap before
{Heap before GC invocations=29 (full 2):
 PSYoungGen      total 24064K, used 23876K [0x00000000d5580000, 0x00000000d7280000, 0x0000000100000000)
  eden space 21504K, 99% used [0x00000000d5580000,0x00000000d6a77aa0,0x00000000d6a80000)
  from space 2560K, 93% used [0x00000000d7000000,0x00000000d7259720,0x00000000d7280000)
  to   space 3584K, 0% used [0x00000000d6b80000,0x00000000d6b80000,0x00000000d6f00000)
 ParOldGen       total 68608K, used 36935K [0x0000000080000000, 0x0000000084300000, 0x00000000d5580000)
  object space 68608K, 53% used [0x0000000080000000,0x0000000082411d20,0x0000000084300000)
 Metaspace       used 50418K, committed 51648K, reserved 1114112K
  class space    used 5583K, committed 6080K, reserved 1048576K
}
Event: 16.733 GC heap after
{Heap after GC invocations=29 (full 2):
 PSYoungGen      total 25088K, used 384K [0x00000000d5580000, 0x00000000d7080000, 0x0000000100000000)
  eden space 21504K, 0% used [0x00000000d5580000,0x00000000d5580000,0x00000000d6a80000)
  from space 3584K, 10% used [0x00000000d6b80000,0x00000000d6be0000,0x00000000d6f00000)
  to   space 1536K, 0% used [0x00000000d6f00000,0x00000000d6f00000,0x00000000d7080000)
 ParOldGen       total 68608K, used 39149K [0x0000000080000000, 0x0000000084300000, 0x00000000d5580000)
  object space 68608K, 57% used [0x0000000080000000,0x000000008263b710,0x0000000084300000)
 Metaspace       used 50418K, committed 51648K, reserved 1114112K
  class space    used 5583K, committed 6080K, reserved 1048576K
}
Event: 17.159 GC heap before
{Heap before GC invocations=30 (full 2):
 PSYoungGen      total 25088K, used 21883K [0x00000000d5580000, 0x00000000d7080000, 0x0000000100000000)
  eden space 21504K, 99% used [0x00000000d5580000,0x00000000d6a7ed80,0x00000000d6a80000)
  from space 3584K, 10% used [0x00000000d6b80000,0x00000000d6be0000,0x00000000d6f00000)
  to   space 1536K, 0% used [0x00000000d6f00000,0x00000000d6f00000,0x00000000d7080000)
 ParOldGen       total 68608K, used 39149K [0x0000000080000000, 0x0000000084300000, 0x00000000d5580000)
  object space 68608K, 57% used [0x0000000080000000,0x000000008263b710,0x0000000084300000)
 Metaspace       used 51560K, committed 52736K, reserved 1114112K
  class space    used 5666K, committed 6208K, reserved 1048576K
}
Event: 17.161 GC heap after
{Heap after GC invocations=30 (full 2):
 PSYoungGen      total 23040K, used 1286K [0x00000000d5580000, 0x00000000d7080000, 0x0000000100000000)
  eden space 21504K, 0% used [0x00000000d5580000,0x00000000d5580000,0x00000000d6a80000)
  from space 1536K, 83% used [0x00000000d6f00000,0x00000000d7041b58,0x00000000d7080000)
  to   space 1536K, 0% used [0x00000000d6d80000,0x00000000d6d80000,0x00000000d6f00000)
 ParOldGen       total 68608K, used 39413K [0x0000000080000000, 0x0000000084300000, 0x00000000d5580000)
  object space 68608K, 57% used [0x0000000080000000,0x000000008267d710,0x0000000084300000)
 Metaspace       used 51560K, committed 52736K, reserved 1114112K
  class space    used 5666K, committed 6208K, reserved 1048576K
}
Event: 17.215 GC heap before
{Heap before GC invocations=31 (full 2):
 PSYoungGen      total 23040K, used 22790K [0x00000000d5580000, 0x00000000d7080000, 0x0000000100000000)
  eden space 21504K, 100% used [0x00000000d5580000,0x00000000d6a80000,0x00000000d6a80000)
  from space 1536K, 83% used [0x00000000d6f00000,0x00000000d7041b58,0x00000000d7080000)
  to   space 1536K, 0% used [0x00000000d6d80000,0x00000000d6d80000,0x00000000d6f00000)
 ParOldGen       total 68608K, used 39413K [0x0000000080000000, 0x0000000084300000, 0x00000000d5580000)
  object space 68608K, 57% used [0x0000000080000000,0x000000008267d710,0x0000000084300000)
 Metaspace       used 51579K, committed 52800K, reserved 1114112K
  class space    used 5666K, committed 6208K, reserved 1048576K
}
Event: 17.216 GC heap after
{Heap after GC invocations=31 (full 2):
 PSYoungGen      total 23040K, used 1169K [0x00000000d5580000, 0x00000000d6f80000, 0x0000000100000000)
  eden space 21504K, 0% used [0x00000000d5580000,0x00000000d5580000,0x00000000d6a80000)
  from space 1536K, 76% used [0x00000000d6d80000,0x00000000d6ea44b0,0x00000000d6f00000)
  to   space 512K, 0% used [0x00000000d6f00000,0x00000000d6f00000,0x00000000d6f80000)
 ParOldGen       total 68608K, used 40202K [0x0000000080000000, 0x0000000084300000, 0x00000000d5580000)
  object space 68608K, 58% used [0x0000000080000000,0x0000000082742978,0x0000000084300000)
 Metaspace       used 51579K, committed 52800K, reserved 1114112K
  class space    used 5666K, committed 6208K, reserved 1048576K
}
Event: 17.928 GC heap before
{Heap before GC invocations=32 (full 2):
 PSYoungGen      total 23040K, used 22673K [0x00000000d5580000, 0x00000000d6f80000, 0x0000000100000000)
  eden space 21504K, 100% used [0x00000000d5580000,0x00000000d6a80000,0x00000000d6a80000)
  from space 1536K, 76% used [0x00000000d6d80000,0x00000000d6ea44b0,0x00000000d6f00000)
  to   space 512K, 0% used [0x00000000d6f00000,0x00000000d6f00000,0x00000000d6f80000)
 ParOldGen       total 68608K, used 40202K [0x0000000080000000, 0x0000000084300000, 0x00000000d5580000)
  object space 68608K, 58% used [0x0000000080000000,0x0000000082742978,0x0000000084300000)
 Metaspace       used 54211K, committed 55488K, reserved 1114112K
  class space    used 5920K, committed 6464K, reserved 1048576K
}
Event: 17.931 GC heap after
{Heap after GC invocations=32 (full 2):
 PSYoungGen      total 22016K, used 512K [0x00000000d5580000, 0x00000000d6f80000, 0x0000000100000000)
  eden space 21504K, 0% used [0x00000000d5580000,0x00000000d5580000,0x00000000d6a80000)
  from space 512K, 100% used [0x00000000d6f00000,0x00000000d6f80000,0x00000000d6f80000)
  to   space 1024K, 0% used [0x00000000d6d80000,0x00000000d6d80000,0x00000000d6e80000)
 ParOldGen       total 68608K, used 40550K [0x0000000080000000, 0x0000000084300000, 0x00000000d5580000)
  object space 68608K, 59% used [0x0000000080000000,0x00000000827998b8,0x0000000084300000)
 Metaspace       used 54211K, committed 55488K, reserved 1114112K
  class space    used 5920K, committed 6464K, reserved 1048576K
}
Event: 18.915 GC heap before
{Heap before GC invocations=33 (full 2):
 PSYoungGen      total 22016K, used 21986K [0x00000000d5580000, 0x00000000d6f80000, 0x0000000100000000)
  eden space 21504K, 99% used [0x00000000d5580000,0x00000000d6a78890,0x00000000d6a80000)
  from space 512K, 100% used [0x00000000d6f00000,0x00000000d6f80000,0x00000000d6f80000)
  to   space 1024K, 0% used [0x00000000d6d80000,0x00000000d6d80000,0x00000000d6e80000)
 ParOldGen       total 68608K, used 40550K [0x0000000080000000, 0x0000000084300000, 0x00000000d5580000)
  object space 68608K, 59% used [0x0000000080000000,0x00000000827998b8,0x0000000084300000)
 Metaspace       used 56885K, committed 58176K, reserved 1114112K
  class space    used 6200K, committed 6784K, reserved 1048576K
}
Event: 18.918 GC heap after
{Heap after GC invocations=33 (full 2):
 PSYoungGen      total 22528K, used 1013K [0x00000000d5580000, 0x00000000d7080000, 0x0000000100000000)
  eden space 21504K, 0% used [0x00000000d5580000,0x00000000d5580000,0x00000000d6a80000)
  from space 1024K, 98% used [0x00000000d6d80000,0x00000000d6e7d560,0x00000000d6e80000)
  to   space 2048K, 0% used [0x00000000d6e80000,0x00000000d6e80000,0x00000000d7080000)
 ParOldGen       total 68608K, used 42104K [0x0000000080000000, 0x0000000084300000, 0x00000000d5580000)
  object space 68608K, 61% used [0x0000000080000000,0x000000008291e1d0,0x0000000084300000)
 Metaspace       used 56885K, committed 58176K, reserved 1114112K
  class space    used 6200K, committed 6784K, reserved 1048576K
}

