# JRE version: OpenJDK Runtime Environment Temurin-21.0.9+10 (21.0.9+10) (build 21.0.9+10-LTS)
# Java VM: OpenJDK 64-Bit Server VM Temurin-21.0.9+10 (21.0.9+10-LTS, mixed mode, sharing, tiered, compressed oops, compressed class ptrs, parallel gc, windows-amd64)
GC Precious Log:
 CardTable entry size: 512
 CPUs: 12 total, 12 available
 Memory: 16189M
 Large Page Support: Disabled
 NUMA Support: Disabled
 Compressed Oops: Enabled (32-bit)
 Alignments: Space 512K, Generation 512K, Heap 2M
 Heap Min Capacity: 100M
 Heap Initial Capacity: 100M
 Heap Max Capacity: 2G
 Pre-touch: Disabled
 Parallel Workers: 10
Heap:
 PSYoungGen      total 8192K, used 7628K [0x00000000d5580000, 0x00000000d6000000, 0x0000000100000000)
  eden space 7168K, 95% used [0x00000000d5580000,0x00000000d5c269a8,0x00000000d5c80000)
  from space 1024K, 79% used [0x00000000d5e80000,0x00000000d5f4c900,0x00000000d5f80000)
  to   space 512K, 0% used [0x00000000d5f80000,0x00000000d5f80000,0x00000000d6000000)
 ParOldGen       total 497664K, used 497350K [0x0000000080000000, 0x000000009e600000, 0x00000000d5580000)
  object space 497664K, 99% used [0x0000000080000000,0x000000009e5b1ac8,0x000000009e600000)
 Metaspace       used 67274K, committed 68608K, reserved 1114112K
  class space    used 7263K, committed 7808K, reserved 1048576K
GC Heap History (20 events):
Event: 45.116 GC heap before
{Heap before GC invocations=409 (full 3):
 PSYoungGen      total 4608K, used 4544K [0x00000000d5580000, 0x00000000d5d80000, 0x0000000100000000)
  eden space 2560K, 100% used [0x00000000d5580000,0x00000000d5800000,0x00000000d5800000)
  from space 2048K, 96% used [0x00000000d5800000,0x00000000d59f0000,0x00000000d5a00000)
  to   space 2560K, 0% used [0x00000000d5b00000,0x00000000d5b00000,0x00000000d5d80000)
 ParOldGen       total 472576K, used 472233K [0x0000000080000000, 0x000000009cd80000, 0x00000000d5580000)
  object space 472576K, 99% used [0x0000000080000000,0x000000009cd2a6f8,0x000000009cd80000)
 Metaspace       used 64764K, committed 66176K, reserved 1114112K
  class space    used 7062K, committed 7616K, reserved 1048576K
}
Event: 45.120 GC heap after
{Heap after GC invocations=409 (full 3):
 PSYoungGen      total 5632K, used 2112K [0x00000000d5580000, 0x00000000d5d80000, 0x0000000100000000)
  eden space 3072K, 0% used [0x00000000d5580000,0x00000000d5580000,0x00000000d5880000)
  from space 2560K, 82% used [0x00000000d5b00000,0x00000000d5d10000,0x00000000d5d80000)
  to   space 2560K, 0% used [0x00000000d5880000,0x00000000d5880000,0x00000000d5b00000)
 ParOldGen       total 474112K, used 474089K [0x0000000080000000, 0x000000009cf00000, 0x00000000d5580000)
  object space 474112K, 99% used [0x0000000080000000,0x000000009cefa6f8,0x000000009cf00000)
 Metaspace       used 64764K, committed 66176K, reserved 1114112K
  class space    used 7062K, committed 7616K, reserved 1048576K
}
Event: 45.135 GC heap before
{Heap before GC invocations=410 (full 3):
 PSYoungGen      total 5632K, used 5184K [0x00000000d5580000, 0x00000000d5d80000, 0x0000000100000000)
  eden space 3072K, 100% used [0x00000000d5580000,0x00000000d5880000,0x00000000d5880000)
  from space 2560K, 82% used [0x00000000d5b00000,0x00000000d5d10000,0x00000000d5d80000)
  to   space 2560K, 0% used [0x00000000d5880000,0x00000000d5880000,0x00000000d5b00000)
 ParOldGen       total 474112K, used 474089K [0x0000000080000000, 0x000000009cf00000, 0x00000000d5580000)
  object space 474112K, 99% used [0x0000000080000000,0x000000009cefa6f8,0x000000009cf00000)
 Metaspace       used 64764K, committed 66176K, reserved 1114112K
  class space    used 7062K, committed 7616K, reserved 1048576K
}
Event: 45.140 GC heap after
{Heap after GC invocations=410 (full 3):
 PSYoungGen      total 5632K, used 2496K [0x00000000d5580000, 0x00000000d5f80000, 0x0000000100000000)
  eden space 3072K, 0% used [0x00000000d5580000,0x00000000d5580000,0x00000000d5880000)
  from space 2560K, 97% used [0x00000000d5880000,0x00000000d5af0000,0x00000000d5b00000)
  to   space 3072K, 0% used [0x00000000d5c80000,0x00000000d5c80000,0x00000000d5f80000)
 ParOldGen       total 476160K, used 476089K [0x0000000080000000, 0x000000009d100000, 0x00000000d5580000)
  object space 476160K, 99% used [0x0000000080000000,0x000000009d0ee6f8,0x000000009d100000)
 Metaspace       used 64764K, committed 66176K, reserved 1114112K
  class space    used 7062K, committed 7616K, reserved 1048576K
}
Event: 45.150 GC heap before
{Heap before GC invocations=411 (full 3):
 PSYoungGen      total 5632K, used 5568K [0x00000000d5580000, 0x00000000d5f80000, 0x0000000100000000)
  eden space 3072K, 100% used [0x00000000d5580000,0x00000000d5880000,0x00000000d5880000)
  from space 2560K, 97% used [0x00000000d5880000,0x00000000d5af0000,0x00000000d5b00000)
  to   space 3072K, 0% used [0x00000000d5c80000,0x00000000d5c80000,0x00000000d5f80000)
 ParOldGen       total 476160K, used 476089K [0x0000000080000000, 0x000000009d100000, 0x00000000d5580000)
  object space 476160K, 99% used [0x0000000080000000,0x000000009d0ee6f8,0x000000009d100000)
 Metaspace       used 64764K, committed 66176K, reserved 1114112K
  class space    used 7062K, committed 7616K, reserved 1048576K
}
Event: 45.159 GC heap after
{Heap after GC invocations=411 (full 3):
 PSYoungGen      total 6656K, used 2496K [0x00000000d5580000, 0x00000000d5f00000, 0x0000000100000000)
  eden space 4096K, 0% used [0x00000000d5580000,0x00000000d5580000,0x00000000d5980000)
  from space 2560K, 97% used [0x00000000d5c80000,0x00000000d5ef0000,0x00000000d5f00000)
  to   space 2560K, 0% used [0x00000000d5a00000,0x00000000d5a00000,0x00000000d5c80000)
 ParOldGen       total 478720K, used 478489K [0x0000000080000000, 0x000000009d380000, 0x00000000d5580000)
  object space 478720K, 99% used [0x0000000080000000,0x000000009d3466f8,0x000000009d380000)
 Metaspace       used 64764K, committed 66176K, reserved 1114112K
  class space    used 7062K, committed 7616K, reserved 1048576K
}
Event: 45.176 GC heap before
{Heap before GC invocations=412 (full 3):
 PSYoungGen      total 6656K, used 6592K [0x00000000d5580000, 0x00000000d5f00000, 0x0000000100000000)
  eden space 4096K, 100% used [0x00000000d5580000,0x00000000d5980000,0x00000000d5980000)
  from space 2560K, 97% used [0x00000000d5c80000,0x00000000d5ef0000,0x00000000d5f00000)
  to   space 2560K, 0% used [0x00000000d5a00000,0x00000000d5a00000,0x00000000d5c80000)
 ParOldGen       total 478720K, used 478489K [0x0000000080000000, 0x000000009d380000, 0x00000000d5580000)
  object space 478720K, 99% used [0x0000000080000000,0x000000009d3466f8,0x000000009d380000)
 Metaspace       used 64764K, committed 66176K, reserved 1114112K
  class space    used 7062K, committed 7616K, reserved 1048576K
}
Event: 45.182 GC heap after
{Heap after GC invocations=412 (full 3):
 PSYoungGen      total 7168K, used 2560K [0x00000000d5580000, 0x00000000d6680000, 0x0000000100000000)
  eden space 4608K, 0% used [0x00000000d5580000,0x00000000d5580000,0x00000000d5a00000)
  from space 2560K, 100% used [0x00000000d5a00000,0x00000000d5c80000,0x00000000d5c80000)
  to   space 6144K, 0% used [0x00000000d6080000,0x00000000d6080000,0x00000000d6680000)
 ParOldGen       total 481792K, used 481409K [0x0000000080000000, 0x000000009d680000, 0x00000000d5580000)
  object space 481792K, 99% used [0x0000000080000000,0x000000009d6206f8,0x000000009d680000)
 Metaspace       used 64764K, committed 66176K, reserved 1114112K
  class space    used 7062K, committed 7616K, reserved 1048576K
}
Event: 45.202 GC heap before
{Heap before GC invocations=413 (full 3):
 PSYoungGen      total 7168K, used 7168K [0x00000000d5580000, 0x00000000d6680000, 0x0000000100000000)
  eden space 4608K, 100% used [0x00000000d5580000,0x00000000d5a00000,0x00000000d5a00000)
  from space 2560K, 100% used [0x00000000d5a00000,0x00000000d5c80000,0x00000000d5c80000)
  to   space 6144K, 0% used [0x00000000d6080000,0x00000000d6080000,0x00000000d6680000)
 ParOldGen       total 481792K, used 481409K [0x0000000080000000, 0x000000009d680000, 0x00000000d5580000)
  object space 481792K, 99% used [0x0000000080000000,0x000000009d6206f8,0x000000009d680000)
 Metaspace       used 64764K, committed 66176K, reserved 1114112K
  class space    used 7062K, committed 7616K, reserved 1048576K
}
Event: 45.208 GC heap after
{Heap after GC invocations=413 (full 3):
 PSYoungGen      total 9728K, used 3680K [0x00000000d5580000, 0x00000000d6480000, 0x0000000100000000)
  eden space 5632K, 0% used [0x00000000d5580000,0x00000000d5580000,0x00000000d5b00000)
  from space 4096K, 89% used [0x00000000d6080000,0x00000000d6418000,0x00000000d6480000)
  to   space 4608K, 0% used [0x00000000d5b80000,0x00000000d5b80000,0x00000000d6000000)
 ParOldGen       total 484352K, used 484017K [0x0000000080000000, 0x000000009d900000, 0x00000000d5580000)
  object space 484352K, 99% used [0x0000000080000000,0x000000009d8ac6f8,0x000000009d900000)
 Metaspace       used 64764K, committed 66176K, reserved 1114112K
  class space    used 7062K, committed 7616K, reserved 1048576K
}
Event: 45.224 GC heap before
{Heap before GC invocations=414 (full 3):
 PSYoungGen      total 9728K, used 9312K [0x00000000d5580000, 0x00000000d6480000, 0x0000000100000000)
  eden space 5632K, 100% used [0x00000000d5580000,0x00000000d5b00000,0x00000000d5b00000)
  from space 4096K, 89% used [0x00000000d6080000,0x00000000d6418000,0x00000000d6480000)
  to   space 4608K, 0% used [0x00000000d5b80000,0x00000000d5b80000,0x00000000d6000000)
 ParOldGen       total 484352K, used 484017K [0x0000000080000000, 0x000000009d900000, 0x00000000d5580000)
  object space 484352K, 99% used [0x0000000080000000,0x000000009d8ac6f8,0x000000009d900000)
 Metaspace       used 64764K, committed 66176K, reserved 1114112K
  class space    used 7062K, committed 7616K, reserved 1048576K
}
Event: 45.231 GC heap after
{Heap after GC invocations=414 (full 3):
 PSYoungGen      total 10752K, used 4448K [0x00000000d5580000, 0x00000000d6580000, 0x0000000100000000)
  eden space 6144K, 0% used [0x00000000d5580000,0x00000000d5580000,0x00000000d5b80000)
  from space 4608K, 96% used [0x00000000d5b80000,0x00000000d5fd8000,0x00000000d6000000)
  to   space 4608K, 0% used [0x00000000d6100000,0x00000000d6100000,0x00000000d6580000)
 ParOldGen       total 487936K, used 487561K [0x0000000080000000, 0x000000009dc80000, 0x00000000d5580000)
  object space 487936K, 99% used [0x0000000080000000,0x000000009dc226f8,0x000000009dc80000)
 Metaspace       used 64764K, committed 66176K, reserved 1114112K
  class space    used 7062K, committed 7616K, reserved 1048576K
}
Event: 335.354 GC heap before
{Heap before GC invocations=415 (full 3):
 PSYoungGen      total 10752K, used 10592K [0x00000000d5580000, 0x00000000d6580000, 0x0000000100000000)
  eden space 6144K, 100% used [0x00000000d5580000,0x00000000d5b80000,0x00000000d5b80000)
  from space 4608K, 96% used [0x00000000d5b80000,0x00000000d5fd8000,0x00000000d6000000)
  to   space 4608K, 0% used [0x00000000d6100000,0x00000000d6100000,0x00000000d6580000)
 ParOldGen       total 487936K, used 487561K [0x0000000080000000, 0x000000009dc80000, 0x00000000d5580000)
  object space 487936K, 99% used [0x0000000080000000,0x000000009dc226f8,0x000000009dc80000)
 Metaspace       used 64778K, committed 66176K, reserved 1114112K
  class space    used 7063K, committed 7616K, reserved 1048576K
}
Event: 335.361 GC heap after
{Heap after GC invocations=415 (full 3):
 PSYoungGen      total 11776K, used 4480K [0x00000000d5580000, 0x00000000d6600000, 0x0000000100000000)
  eden space 7168K, 0% used [0x00000000d5580000,0x00000000d5580000,0x00000000d5c80000)
  from space 4608K, 97% used [0x00000000d6100000,0x00000000d6560000,0x00000000d6580000)
  to   space 4608K, 0% used [0x00000000d5c80000,0x00000000d5c80000,0x00000000d6100000)
 ParOldGen       total 492032K, used 491881K [0x0000000080000000, 0x000000009e080000, 0x00000000d5580000)
  object space 492032K, 99% used [0x0000000080000000,0x000000009e05a6f8,0x000000009e080000)
 Metaspace       used 64778K, committed 66176K, reserved 1114112K
  class space    used 7063K, committed 7616K, reserved 1048576K
}
Event: 2119.084 GC heap before
{Heap before GC invocations=416 (full 3):
 PSYoungGen      total 11776K, used 11648K [0x00000000d5580000, 0x00000000d6600000, 0x0000000100000000)
  eden space 7168K, 100% used [0x00000000d5580000,0x00000000d5c80000,0x00000000d5c80000)
  from space 4608K, 97% used [0x00000000d6100000,0x00000000d6560000,0x00000000d6580000)
  to   space 4608K, 0% used [0x00000000d5c80000,0x00000000d5c80000,0x00000000d6100000)
 ParOldGen       total 492032K, used 491881K [0x0000000080000000, 0x000000009e080000, 0x00000000d5580000)
  object space 492032K, 99% used [0x0000000080000000,0x000000009e05a6f8,0x000000009e080000)
 Metaspace       used 65696K, committed 67072K, reserved 1114112K
  class space    used 7133K, committed 7680K, reserved 1048576K
}
Event: 2119.090 GC heap after
{Heap after GC invocations=416 (full 3):
 PSYoungGen      total 7680K, used 448K [0x00000000d5580000, 0x00000000d6180000, 0x0000000100000000)
  eden space 7168K, 0% used [0x00000000d5580000,0x00000000d5580000,0x00000000d5c80000)
  from space 512K, 87% used [0x00000000d5c80000,0x00000000d5cf0000,0x00000000d5d00000)
  to   space 2048K, 0% used [0x00000000d5f80000,0x00000000d5f80000,0x00000000d6180000)
 ParOldGen       total 496640K, used 496265K [0x0000000080000000, 0x000000009e500000, 0x00000000d5580000)
  object space 496640K, 99% used [0x0000000080000000,0x000000009e4a26f8,0x000000009e500000)
 Metaspace       used 65696K, committed 67072K, reserved 1114112K
  class space    used 7133K, committed 7680K, reserved 1048576K
}
Event: 2119.238 GC heap before
{Heap before GC invocations=417 (full 3):
 PSYoungGen      total 7680K, used 7616K [0x00000000d5580000, 0x00000000d6180000, 0x0000000100000000)
  eden space 7168K, 100% used [0x00000000d5580000,0x00000000d5c80000,0x00000000d5c80000)
  from space 512K, 87% used [0x00000000d5c80000,0x00000000d5cf0000,0x00000000d5d00000)
  to   space 2048K, 0% used [0x00000000d5f80000,0x00000000d5f80000,0x00000000d6180000)
 ParOldGen       total 496640K, used 496265K [0x0000000080000000, 0x000000009e500000, 0x00000000d5580000)
  object space 496640K, 99% used [0x0000000080000000,0x000000009e4a26f8,0x000000009e500000)
 Metaspace       used 66206K, committed 67584K, reserved 1114112K
  class space    used 7177K, committed 7744K, reserved 1048576K
}
Event: 2119.239 GC heap after
{Heap after GC invocations=417 (full 3):
 PSYoungGen      total 8192K, used 896K [0x00000000d5580000, 0x00000000d6080000, 0x0000000100000000)
  eden space 7168K, 0% used [0x00000000d5580000,0x00000000d5580000,0x00000000d5c80000)
  from space 1024K, 87% used [0x00000000d5f80000,0x00000000d6060000,0x00000000d6080000)
  to   space 1024K, 0% used [0x00000000d5e80000,0x00000000d5e80000,0x00000000d5f80000)
 ParOldGen       total 496640K, used 496601K [0x0000000080000000, 0x000000009e500000, 0x00000000d5580000)
  object space 496640K, 99% used [0x0000000080000000,0x000000009e4f66f8,0x000000009e500000)
 Metaspace       used 66206K, committed 67584K, reserved 1114112K
  class space    used 7177K, committed 7744K, reserved 1048576K
}
Event: 2119.816 GC heap before
{Heap before GC invocations=418 (full 3):
 PSYoungGen      total 8192K, used 8064K [0x00000000d5580000, 0x00000000d6080000, 0x0000000100000000)
  eden space 7168K, 100% used [0x00000000d5580000,0x00000000d5c80000,0x00000000d5c80000)
  from space 1024K, 87% used [0x00000000d5f80000,0x00000000d6060000,0x00000000d6080000)
  to   space 1024K, 0% used [0x00000000d5e80000,0x00000000d5e80000,0x00000000d5f80000)
 ParOldGen       total 496640K, used 496601K [0x0000000080000000, 0x000000009e500000, 0x00000000d5580000)
  object space 496640K, 99% used [0x0000000080000000,0x000000009e4f66f8,0x000000009e500000)
 Metaspace       used 67029K, committed 68416K, reserved 1114112K
  class space    used 7246K, committed 7808K, reserved 1048576K
}
Event: 2119.820 GC heap after
{Heap after GC invocations=418 (full 3):
 PSYoungGen      total 8192K, used 818K [0x00000000d5580000, 0x00000000d6000000, 0x0000000100000000)
  eden space 7168K, 0% used [0x00000000d5580000,0x00000000d5580000,0x00000000d5c80000)
  from space 1024K, 79% used [0x00000000d5e80000,0x00000000d5f4c900,0x00000000d5f80000)
  to   space 512K, 0% used [0x00000000d5f80000,0x00000000d5f80000,0x00000000d6000000)
 ParOldGen       total 497664K, used 497350K [0x0000000080000000, 0x000000009e600000, 0x00000000d5580000)
  object space 497664K, 99% used [0x0000000080000000,0x000000009e5b1ac8,0x000000009e600000)
 Metaspace       used 67029K, committed 68416K, reserved 1114112K
  class space    used 7246K, committed 7808K, reserved 1048576K
}

